==2093230== Helgrind, a thread error detector
==2093230== Copyright (C) 2007-2017, and GNU GPL'd, by OpenWorks LLP et al.
==2093230== Using Valgrind-3.15.0 and LibVEX; rerun with -h for copyright info
==2093230== Command: ./philo 2 24 100 100 2
==2093230== Parent PID: 2093228
==2093230== 
==2093230== 
==2093230== Process terminating with default action of signal 2 (SIGINT)
==2093230==    at 0x4873CD7: __pthread_clockjoin_ex (pthread_join_common.c:145)
==2093230==    by 0x483FB15: ??? (in /usr/lib/x86_64-linux-gnu/valgrind/vgpreload_helgrind-amd64-linux.so)
==2093230==    by 0x401455: main (main.c:70)
==2093230== ---Thread-Announcement------------------------------------------
==2093230== 
==2093230== Thread #2 was created
==2093230==    at 0x49AC342: clone (clone.S:71)
==2093230==    by 0x48712EB: create_thread (createthread.c:101)
==2093230==    by 0x4872E0F: pthread_create@@GLIBC_2.2.5 (pthread_create.c:817)
==2093230==    by 0x4842917: ??? (in /usr/lib/x86_64-linux-gnu/valgrind/vgpreload_helgrind-amd64-linux.so)
==2093230==    by 0x401410: main (main.c:62)
==2093230== 
==2093230== ----------------------------------------------------------------
==2093230== 
==2093230== Thread #2: Exiting thread still holds 2 locks
==2093230==    at 0x487D170: __lll_lock_wait (lowlevellock.c:52)
==2093230==    by 0x48750A2: pthread_mutex_lock (pthread_mutex_lock.c:80)
==2093230==    by 0x483FE78: ??? (in /usr/lib/x86_64-linux-gnu/valgrind/vgpreload_helgrind-amd64-linux.so)
==2093230==    by 0x40195A: ft_print (print_men.c:21)
==2093230==    by 0x401E88: first_lock (forks.c:35)
==2093230==    by 0x401CFC: ft_lock (forks.c:55)
==2093230==    by 0x40218D: do_something (thread.c:46)
==2093230==    by 0x4842B1A: ??? (in /usr/lib/x86_64-linux-gnu/valgrind/vgpreload_helgrind-amd64-linux.so)
==2093230==    by 0x4872608: start_thread (pthread_create.c:477)
==2093230==    by 0x49AC352: clone (clone.S:95)
==2093230== 
==2093230== 
==2093230== Use --history-level=approx or =none to gain increased speed, at
==2093230== the cost of reduced accuracy of conflicting-access information
==2093230== ERROR SUMMARY: 1 errors from 1 contexts (suppressed: 3514285 from 7)
==2093230== 
==2093230== 1 errors in context 1 of 1:
==2093230== ----------------------------------------------------------------
==2093230== 
==2093230== Thread #2: Exiting thread still holds 2 locks
==2093230==    at 0x487D170: __lll_lock_wait (lowlevellock.c:52)
==2093230==    by 0x48750A2: pthread_mutex_lock (pthread_mutex_lock.c:80)
==2093230==    by 0x483FE78: ??? (in /usr/lib/x86_64-linux-gnu/valgrind/vgpreload_helgrind-amd64-linux.so)
==2093230==    by 0x40195A: ft_print (print_men.c:21)
==2093230==    by 0x401E88: first_lock (forks.c:35)
==2093230==    by 0x401CFC: ft_lock (forks.c:55)
==2093230==    by 0x40218D: do_something (thread.c:46)
==2093230==    by 0x4842B1A: ??? (in /usr/lib/x86_64-linux-gnu/valgrind/vgpreload_helgrind-amd64-linux.so)
==2093230==    by 0x4872608: start_thread (pthread_create.c:477)
==2093230==    by 0x49AC352: clone (clone.S:95)
==2093230== 
--2093230-- 
--2093230-- used_suppression: 3514285 helgrind-glibc2X-005 /usr/lib/x86_64-linux-gnu/valgrind/default.supp:963
==2093230== 
==2093230== ERROR SUMMARY: 1 errors from 1 contexts (suppressed: 3514285 from 7)
